
> luckybox@0.0.0 start /Users/liujb/Dropbox/Code/luckybox
> supervisor ./bin/www


Running node-supervisor with
  program './bin/www'
  --watch '.'
  --extensions 'node,js,/bin/www'
  --exec 'node'

Starting child process with 'node ./bin/www'
Watching directory '/Users/liujb/Dropbox/Code/luckybox' for changes.
Press rs for restarting the process.
{ title: '滴滴打车',
  parseScript: true,
  activityId: 1,
  setting: {},
  pageType: 'new',
  detail: {} }
[0mGET /settings?activityId=1 [36m304 [0m13.063 ms - -[0m
[0mGET /css/dd.common.css [36m304 [0m3.596 ms - -[0m
[0mGET /css/dialog.1.0.0.css [36m304 [0m3.976 ms - -[0m
[0mGET /css/settings.css [36m304 [0m3.740 ms - -[0m
[0mGET /js/zepto.min.js [36m304 [0m3.390 ms - -[0m
[0mGET /js/socket.io-1.3.5.js [36m304 [0m0.723 ms - -[0m
[0mGET /js/widget.1.0.2.js [36m304 [0m0.647 ms - -[0m
[0mGET /js/dialog.1.0.0.js [36m304 [0m0.580 ms - -[0m
[0mGET /js/settings.js [36m304 [0m0.151 ms - -[0m
a user connected
[0mGET /css/dd.common.css [36m304 [0m0.387 ms - -[0m
[0mGET /css/dialog.1.0.0.css [36m304 [0m0.275 ms - -[0m
[0mGET /css/settings.css [36m304 [0m0.180 ms - -[0m
Program node ./bin/www exited with code null

Starting child process with 'node ./bin/www'
Sending SIGHUP to child...
